<?xml version="1.0" encoding="UTF-8"?>
<!-- Generated by org.testng.reporters.JUnitReportReporter -->
<testsuite skipped="0" hostname="Pradeep" name="hotelBeds.HotelBedsBase" tests="1" failures="0" timestamp="2020-06-17T11:11:00 IST" time="0.539" errors="0">
  <testcase name="generateSignature" time="0.539" classname="hotelBeds.HotelBedsBase"/>
  <system-out/>
</testsuite> <!-- hotelBeds.HotelBedsBase -->
