<?xml version="1.0" encoding="UTF-8"?>
<!-- Generated by org.testng.reporters.JUnitReportReporter -->
<testsuite skipped="0" hostname="Pradeep" name="uiBank.Login" tests="5" failures="0" timestamp="2020-06-21T11:22:41 IST" time="13.378" errors="0">
  <testcase name="getLoanDetails" time="2.042" classname="uiBank.Login"/>
  <system-out/>
  <testcase name="createAccount" time="1.879" classname="uiBank.Login"/>
  <system-out/>
  <testcase name="applyLoan" time="1.818" classname="uiBank.Login"/>
  <system-out/>
  <testcase name="getAccountDetails" time="1.728" classname="uiBank.Login"/>
  <system-out/>
  <testcase name="login" time="5.911" classname="uiBank.Login"/>
  <system-out/>
</testsuite> <!-- uiBank.Login -->
