<?xml version="1.0" encoding="UTF-8"?>
<!-- Generated by org.testng.reporters.JUnitReportReporter -->
<testsuite skipped="0" hostname="Pradeep" name="com.org.assignments.OpenWeatherForeCast" tests="1" failures="0" timestamp="2020-06-09T11:19:41 IST" time="4.524" errors="0">
  <testcase name="rainVolumeMeasurer" time="4.524" classname="com.org.assignments.OpenWeatherForeCast"/>
  <system-out/>
</testsuite> <!-- com.org.assignments.OpenWeatherForeCast -->
