<?xml version="1.0" encoding="UTF-8"?>
<!-- Generated by org.testng.reporters.JUnitReportReporter -->
<testsuite skipped="0" hostname="Pradeep" name="hotelBeds.GetBookingDetails" tests="2" failures="0" timestamp="2020-06-17T12:37:38 IST" time="3.343" errors="0">
  <testcase name="getBookingInfo" time="1.857" classname="hotelBeds.GetBookingDetails"/>
  <system-out/>
  <testcase name="deleteBooking" time="1.486" classname="hotelBeds.GetBookingDetails"/>
  <system-out/>
</testsuite> <!-- hotelBeds.GetBookingDetails -->
