<?xml version="1.0" encoding="UTF-8"?>
<!-- Generated by org.testng.reporters.JUnitReportReporter -->
<testsuite skipped="0" hostname="Pradeep" name="amio.amioOps" tests="3" failures="0" timestamp="2020-07-07T12:53:52 IST" time="8.341" errors="0">
  <testcase name="createChannel" time="5.070" classname="amio.amioOps"/>
  <system-out/>
  <testcase name="Confirm_channel_present" time="1.674" classname="amio.amioOps"/>
  <system-out/>
  <testcase name="deleteChannel" time="1.597" classname="amio.amioOps"/>
  <system-out/>
</testsuite> <!-- amio.amioOps -->
