<?xml version="1.0" encoding="UTF-8"?>
<!-- Generated by org.testng.reporters.JUnitReportReporter -->
<testsuite skipped="0" hostname="Pradeep" name="com.org.assignments.CreateAproductInPaypal" tests="3" failures="0" timestamp="2020-06-04T18:43:33 IST" time="26.774" errors="0">
  <testcase name="geneRateToken" time="7.305" classname="com.org.assignments.CreateAproductInPaypal"/>
  <system-out/>
  <testcase name="createProduct" time="11.331" classname="com.org.assignments.CreateAproductInPaypal"/>
  <system-out/>
  <testcase name="createProduct" time="8.138" classname="com.org.assignments.CreateAproductInPaypal"/>
  <system-out/>
</testsuite> <!-- com.org.assignments.CreateAproductInPaypal -->
