<?xml version="1.0" encoding="UTF-8"?>
<!-- Generated by org.testng.reporters.JUnitReportReporter -->
<testsuite skipped="0" hostname="Pradeep" name="hotelBeds.BookAroomInHotel" tests="1" failures="0" timestamp="2020-06-17T12:37:38 IST" time="3.503" errors="0">
  <testcase name="bookAroom" time="3.503" classname="hotelBeds.BookAroomInHotel"/>
  <system-out/>
</testsuite> <!-- hotelBeds.BookAroomInHotel -->
