<?xml version="1.0" encoding="UTF-8"?>
<!-- Generated by org.testng.reporters.JUnitReportReporter -->
<testsuite skipped="0" hostname="Pradeep" name="com.org.assignments.HotelBeds" tests="1" failures="0" timestamp="2020-06-16T10:39:33 IST" time="0.077" errors="0">
  <testcase name="checkForbookingStatus" time="0.077" classname="com.org.assignments.HotelBeds"/>
  <system-out/>
</testsuite> <!-- com.org.assignments.HotelBeds -->
